<?xml version="1.0" encoding="UTF-8"?>
<testng-results skipped="0" failed="0" ignored="0" total="1" passed="1">
  <reporter-output>
    <line>
      <![CDATA[chrome]]>
    </line>
  </reporter-output>
  <suite name="Default suite" duration-ms="74" started-at="2022-03-14T16:25:25 IST" finished-at="2022-03-14T16:25:25 IST">
    <groups>
    </groups>
    <test name="Default test" duration-ms="74" started-at="2022-03-14T16:25:25 IST" finished-at="2022-03-14T16:25:25 IST">
      <class name="com.crm.ContactTest.ReadDataTest">
        <test-method status="PASS" signature="read()[pri:0, instance:com.crm.ContactTest.ReadDataTest@1e6d1014]" name="read" duration-ms="14" started-at="2022-03-14T16:25:25 IST" finished-at="2022-03-14T16:25:25 IST">
          <reporter-output>
            <line>
              <![CDATA[chrome]]>
            </line>
          </reporter-output>
        </test-method> <!-- read -->
      </class> <!-- com.crm.ContactTest.ReadDataTest -->
    </test> <!-- Default test -->
  </suite> <!-- Default suite -->
</testng-results>
